<?xml version="1.0" encoding="UTF-8"?>
<testng-results skipped="0" failed="0" ignored="0" total="1" passed="1">
  <reporter-output>
  </reporter-output>
  <suite name="Default suite" duration-ms="3494" started-at="2018-10-18T03:11:35Z" finished-at="2018-10-18T03:11:39Z">
    <groups>
    </groups>
    <test name="Default test" duration-ms="3494" started-at="2018-10-18T03:11:35Z" finished-at="2018-10-18T03:11:39Z">
      <class name="com.restassured.spec.example.RequestResponseSpecificationExample">
        <test-method status="PASS" signature="setup()[pri:0, instance:com.restassured.spec.example.RequestResponseSpecificationExample@4c70fda8]" name="setup" is-config="true" duration-ms="610" started-at="2018-10-18T03:11:35Z" finished-at="2018-10-18T03:11:36Z">
          <reporter-output>
          </reporter-output>
        </test-method> <!-- setup -->
        <test-method status="PASS" signature="getTweet()[pri:0, instance:com.restassured.spec.example.RequestResponseSpecificationExample@4c70fda8]" name="getTweet" duration-ms="2859" started-at="2018-10-18T03:11:36Z" finished-at="2018-10-18T03:11:39Z">
          <reporter-output>
          </reporter-output>
        </test-method> <!-- getTweet -->
      </class> <!-- com.restassured.spec.example.RequestResponseSpecificationExample -->
    </test> <!-- Default test -->
  </suite> <!-- Default suite -->
</testng-results>
