<?xml version="1.0" encoding="UTF-8"?>
<!-- Generated by org.testng.reporters.JUnitXMLReporter -->
<testsuite hostname="Leelas-Air" ignored="0" name="regression-test" tests="4" failures="0" timestamp="20 Oct 2018 07:03:16 GMT" time="6.901" errors="0">
  <testcase name="postTweet" time="3.255" classname="com.restassured.framework.api.TwitterEndToEndWorkflowTest"/>
  <testcase name="getTweet" time="1.078" classname="com.restassured.framework.api.TwitterEndToEndWorkflowTest"/>
  <testcase name="deleteTweet" time="0.765" classname="com.restassured.framework.api.TwitterEndToEndWorkflowTest"/>
  <testcase name="getTweets" time="1.184" classname="com.restassured.framework.api.TwitterTweetsTest"/>
</testsuite> <!-- regression-test -->
