<?xml version="1.0" encoding="UTF-8"?>
<!-- Generated by org.testng.reporters.JUnitXMLReporter -->
<testsuite hostname="Leelas-Air" ignored="0" name="Regression Test" tests="4" failures="0" timestamp="20 Oct 2018 07:20:54 GMT" time="7.076" errors="0">
  <testcase name="postTweet" time="3.741" classname="com.restassured.framework.api.TwitterEndToEndWorkflowTest"/>
  <testcase name="getTweet" time="0.733" classname="com.restassured.framework.api.TwitterEndToEndWorkflowTest"/>
  <testcase name="deleteTweet" time="1.143" classname="com.restassured.framework.api.TwitterEndToEndWorkflowTest"/>
  <testcase name="getTweets" time="0.84" classname="com.restassured.framework.api.TwitterTweetsTest"/>
</testsuite> <!-- Regression Test -->
