<?xml version="1.0" encoding="UTF-8"?>
<!-- Generated by org.testng.reporters.JUnitXMLReporter -->
<testsuite hostname="Leelas-Air" ignored="0" name="Regression Test" tests="4" failures="0" timestamp="20 Oct 2018 07:04:36 GMT" time="7.331" errors="0">
  <testcase name="postTweet" time="3.665" classname="com.restassured.framework.api.TwitterEndToEndWorkflowTest"/>
  <testcase name="getTweet" time="1.212" classname="com.restassured.framework.api.TwitterEndToEndWorkflowTest"/>
  <testcase name="deleteTweet" time="1.005" classname="com.restassured.framework.api.TwitterEndToEndWorkflowTest"/>
  <testcase name="getTweets" time="0.82" classname="com.restassured.framework.api.TwitterTweetsTest"/>
</testsuite> <!-- Regression Test -->
