<?xml version="1.0" encoding="UTF-8"?>
<testng-results skipped="0" failed="0" ignored="0" total="4" passed="4">
  <reporter-output>
  </reporter-output>
  <suite name="Regression Suite" duration-ms="7076" started-at="2018-10-20T07:20:47Z" finished-at="2018-10-20T07:20:54Z">
    <groups>
    </groups>
    <test name="Regression Test" duration-ms="7076" started-at="2018-10-20T07:20:47Z" finished-at="2018-10-20T07:20:54Z">
      <class name="com.restassured.framework.api.TwitterEndToEndWorkflowTest">
        <test-method status="PASS" signature="setup()[pri:0, instance:com.restassured.framework.api.TwitterEndToEndWorkflowTest@49e4cb85]" name="setup" is-config="true" duration-ms="584" started-at="2018-10-20T07:20:47Z" finished-at="2018-10-20T07:20:47Z">
          <reporter-output>
          </reporter-output>
        </test-method> <!-- setup -->
        <test-method status="PASS" signature="postTweet()[pri:0, instance:com.restassured.framework.api.TwitterEndToEndWorkflowTest@49e4cb85]" name="postTweet" duration-ms="3741" started-at="2018-10-20T07:20:47Z" finished-at="2018-10-20T07:20:51Z">
          <reporter-output>
          </reporter-output>
        </test-method> <!-- postTweet -->
        <test-method status="PASS" signature="getTweet()[pri:0, instance:com.restassured.framework.api.TwitterEndToEndWorkflowTest@49e4cb85]" name="getTweet" duration-ms="733" started-at="2018-10-20T07:20:51Z" depends-on-methods="com.restassured.framework.api.TwitterEndToEndWorkflowTest.postTweet" finished-at="2018-10-20T07:20:52Z">
          <reporter-output>
          </reporter-output>
        </test-method> <!-- getTweet -->
        <test-method status="PASS" signature="deleteTweet()[pri:0, instance:com.restassured.framework.api.TwitterEndToEndWorkflowTest@49e4cb85]" name="deleteTweet" duration-ms="1143" started-at="2018-10-20T07:20:52Z" depends-on-methods="com.restassured.framework.api.TwitterEndToEndWorkflowTest.getTweet" finished-at="2018-10-20T07:20:53Z">
          <reporter-output>
          </reporter-output>
        </test-method> <!-- deleteTweet -->
      </class> <!-- com.restassured.framework.api.TwitterEndToEndWorkflowTest -->
      <class name="com.restassured.framework.api.TwitterTweetsTest">
        <test-method status="PASS" signature="setup()[pri:0, instance:com.restassured.framework.api.TwitterTweetsTest@2133c8f8]" name="setup" is-config="true" duration-ms="1" started-at="2018-10-20T07:20:53Z" finished-at="2018-10-20T07:20:53Z">
          <reporter-output>
          </reporter-output>
        </test-method> <!-- setup -->
        <test-method status="PASS" signature="getTweets()[pri:0, instance:com.restassured.framework.api.TwitterTweetsTest@2133c8f8]" name="getTweets" duration-ms="840" started-at="2018-10-20T07:20:53Z" finished-at="2018-10-20T07:20:54Z">
          <reporter-output>
          </reporter-output>
        </test-method> <!-- getTweets -->
      </class> <!-- com.restassured.framework.api.TwitterTweetsTest -->
    </test> <!-- Regression Test -->
  </suite> <!-- Regression Suite -->
</testng-results>
