<?xml version="1.0" encoding="UTF-8"?>
<!-- Generated by org.testng.reporters.JUnitXMLReporter -->
<testsuite hostname="Leelas-Air" ignored="0" name="Default test" tests="3" failures="0" timestamp="20 Oct 2018 02:38:56 GMT" time="7.458" errors="0">
  <testcase name="postTweet" time="3.682" classname="com.restassured.framework.api.TwitterEndToEndWorkflowTest"/>
  <testcase name="getTweet" time="1.188" classname="com.restassured.framework.api.TwitterEndToEndWorkflowTest"/>
  <testcase name="deleteTweet" time="1.206" classname="com.restassured.framework.api.TwitterEndToEndWorkflowTest"/>
</testsuite> <!-- Default test -->
